0 info it worked if it ends with ok
1 verbose cli [ 'C:\\Program Files (x86)\\nodejs\\\\node.exe',
1 verbose cli   'C:\\Users\\daryl\\AppData\\Roaming\\npm\\node_modules\\npm\\bin\\npm-cli.js',
1 verbose cli   'info',
1 verbose cli   'cordava' ]
2 info using npm@3.5.3
3 info using node@v0.12.9
4 silly mapToRegistry name cordava
5 silly mapToRegistry using default registry
6 silly mapToRegistry registry https://registry.npmjs.org/
7 silly mapToRegistry uri https://registry.npmjs.org/cordava
8 verbose request uri https://registry.npmjs.org/cordava
9 verbose request no auth needed
10 info attempt registry request try #1 at 1:18:27 PM
11 verbose request id 9d12f7653b2f261b
12 http request GET https://registry.npmjs.org/cordava
13 http 404 https://registry.npmjs.org/cordava
14 verbose headers { 'content-type': 'application/json',
14 verbose headers   'cache-control': 'max-age=0',
14 verbose headers   'content-length': '2',
14 verbose headers   'accept-ranges': 'bytes',
14 verbose headers   date: 'Fri, 15 Jan 2016 05:18:39 GMT',
14 verbose headers   via: '1.1 varnish',
14 verbose headers   age: '0',
14 verbose headers   connection: 'keep-alive',
14 verbose headers   'x-served-by': 'cache-hkg6821-HKG',
14 verbose headers   'x-cache': 'MISS',
14 verbose headers   'x-cache-hits': '0',
14 verbose headers   'x-timer': 'S1452835118.892797,VS0,VE936' }
15 silly get cb [ 404,
15 silly get   { 'content-type': 'application/json',
15 silly get     'cache-control': 'max-age=0',
15 silly get     'content-length': '2',
15 silly get     'accept-ranges': 'bytes',
15 silly get     date: 'Fri, 15 Jan 2016 05:18:39 GMT',
15 silly get     via: '1.1 varnish',
15 silly get     age: '0',
15 silly get     connection: 'keep-alive',
15 silly get     'x-served-by': 'cache-hkg6821-HKG',
15 silly get     'x-cache': 'MISS',
15 silly get     'x-cache-hits': '0',
15 silly get     'x-timer': 'S1452835118.892797,VS0,VE936' } ]
16 verbose stack Error: Registry returned 404 for GET on https://registry.npmjs.org/cordava
16 verbose stack     at makeError (C:\Users\daryl\AppData\Roaming\npm\node_modules\npm\node_modules\npm-registry-client\lib\request.js:264:12)
16 verbose stack     at CachingRegistryClient.<anonymous> (C:\Users\daryl\AppData\Roaming\npm\node_modules\npm\node_modules\npm-registry-client\lib\request.js:242:14)
16 verbose stack     at Request._callback (C:\Users\daryl\AppData\Roaming\npm\node_modules\npm\node_modules\npm-registry-client\lib\request.js:172:14)
16 verbose stack     at Request.self.callback (C:\Users\daryl\AppData\Roaming\npm\node_modules\npm\node_modules\request\request.js:198:22)
16 verbose stack     at Request.emit (events.js:110:17)
16 verbose stack     at Request.<anonymous> (C:\Users\daryl\AppData\Roaming\npm\node_modules\npm\node_modules\request\request.js:1035:10)
16 verbose stack     at Request.emit (events.js:129:20)
16 verbose stack     at IncomingMessage.<anonymous> (C:\Users\daryl\AppData\Roaming\npm\node_modules\npm\node_modules\request\request.js:962:12)
16 verbose stack     at IncomingMessage.emit (events.js:129:20)
16 verbose stack     at _stream_readable.js:908:16
17 verbose statusCode 404
18 verbose pkgid cordava
19 verbose cwd C:\Users\daryl\Technibuddy
20 error Windows_NT 10.0.10586
21 error argv "C:\\Program Files (x86)\\nodejs\\\\node.exe" "C:\\Users\\daryl\\AppData\\Roaming\\npm\\node_modules\\npm\\bin\\npm-cli.js" "info" "cordava"
22 error node v0.12.9
23 error npm  v3.5.3
24 error code E404
25 error 404 Registry returned 404 for GET on https://registry.npmjs.org/cordava
26 error 404
27 error 404 'cordava' is not in the npm registry.
28 error 404 You should bug the author to publish it (or use the name yourself!)
29 error 404 Note that you can also install from a
30 error 404 tarball, folder, http url, or git url.
31 verbose exit [ 1, true ]
